<?xml version="1.0" encoding="UTF-8"?>
<!-- Generated by org.testng.reporters.JUnitReportReporter -->
<testsuite skipped="0" hostname="ANISHA" name="com.tutorialsninja.testsuite.DeskTopPageTest" tests="1" failures="0" timestamp="2022-12-13T17:36:11 GMT" time="6.920" errors="0">
  <testcase name="verifyProductArrangeInAlphabeticalOrder" time="6.920" classname="com.tutorialsninja.testsuite.DeskTopPageTest"/>
  <system-out>
    <![CDATA[Mouse Hovering to Desktop and Clicking on it: [[ChromeDriver: chrome on WINDOWS (119650c943603176be7eb9cbd4d41f29)] -> link text: Desktops]
Arrange products in descending order]]>
  </system-out>
</testsuite> <!-- com.tutorialsninja.testsuite.DeskTopPageTest -->
